[ 2019-10-24T20:33:32+08:00 ] 10.168.1.132 /
INFO: [ app_init ] --START--
INFO: Run Behavior\BuildLiteBehavior [ RunTime:0.000009s ]
INFO: [ app_init ] --END-- [ RunTime:0.000474s ]
INFO: [ app_begin ] --START--
INFO: Run Behavior\ReadHtmlCacheBehavior [ RunTime:0.000378s ]
INFO: [ app_begin ] --END-- [ RunTime:0.000408s ]

[ 2019-10-24T20:33:32+08:00 ] 10.168.1.132 /index.php/Home/Public/login.html
INFO: [ app_init ] --START--
INFO: Run Behavior\BuildLiteBehavior [ RunTime:0.000010s ]
INFO: [ app_init ] --END-- [ RunTime:0.000283s ]
INFO: [ app_begin ] --START--
INFO: Run Behavior\ReadHtmlCacheBehavior [ RunTime:0.000639s ]
INFO: [ app_begin ] --END-- [ RunTime:0.000671s ]
INFO: [ view_parse ] --START--
INFO: [ template_filter ] --START--
INFO: Run Behavior\ContentReplaceBehavior [ RunTime:0.000066s ]
INFO: [ template_filter ] --END-- [ RunTime:0.000092s ]
INFO: Run Behavior\ParseTemplateBehavior [ RunTime:0.003472s ]
INFO: [ view_parse ] --END-- [ RunTime:0.003493s ]
INFO: [ view_filter ] --START--
INFO: Run Behavior\WriteHtmlCacheBehavior [ RunTime:0.000122s ]
INFO: [ view_filter ] --END-- [ RunTime:0.000134s ]
INFO: [ app_end ] --START--
INFO: Run Behavior\ShowPageTraceBehavior [ RunTime:0.000304s ]
INFO: [ app_end ] --END-- [ RunTime:0.000319s ]

[ 2019-10-24T20:34:04+08:00 ] 10.168.1.132 /index.php/Home/Public/login.html
INFO: [ app_init ] --START--
INFO: Run Behavior\BuildLiteBehavior [ RunTime:0.000006s ]
INFO: [ app_init ] --END-- [ RunTime:0.000168s ]
INFO: [ app_begin ] --START--
INFO: Run Behavior\ReadHtmlCacheBehavior [ RunTime:0.000229s ]
INFO: [ app_begin ] --END-- [ RunTime:0.000248s ]
SQL: SHOW COLUMNS FROM `dt_member` [ RunTime:0.0009s ]
SQL: SELECT * FROM `dt_member` WHERE `username` = '15000000000' AND `password` = 'd7a31ea0e38dc781ad32a5a94d6b48cc' LIMIT 1   [ RunTime:0.0012s ]

[ 2019-10-24T20:34:16+08:00 ] 10.168.1.132 /index.php/Home/Public/login.html
INFO: [ app_init ] --START--
INFO: Run Behavior\BuildLiteBehavior [ RunTime:0.000005s ]
INFO: [ app_init ] --END-- [ RunTime:0.000166s ]
INFO: [ app_begin ] --START--
INFO: Run Behavior\ReadHtmlCacheBehavior [ RunTime:0.000222s ]
INFO: [ app_begin ] --END-- [ RunTime:0.000239s ]
SQL: SHOW COLUMNS FROM `dt_member` [ RunTime:0.0009s ]
SQL: SELECT * FROM `dt_member` WHERE `username` = '15000000000' AND `password` = 'd7a31ea0e38dc781ad32a5a94d6b48cc' LIMIT 1   [ RunTime:0.0004s ]
SQL: SELECT `last_login_time` FROM `dt_member` WHERE `id` = 51390 LIMIT 1571920456   [ RunTime:0.0002s ]

[ 2019-10-24T20:34:18+08:00 ] 10.168.1.132 /index.php/Home/Index/index.html
INFO: [ app_init ] --START--
INFO: Run Behavior\BuildLiteBehavior [ RunTime:0.000007s ]
INFO: [ app_init ] --END-- [ RunTime:0.000193s ]
INFO: [ app_begin ] --START--
INFO: Run Behavior\ReadHtmlCacheBehavior [ RunTime:0.000316s ]
INFO: [ app_begin ] --END-- [ RunTime:0.000341s ]
SQL: SHOW COLUMNS FROM `dt_category` [ RunTime:0.0006s ]
SQL: SELECT * FROM `dt_category` WHERE `is_show` = 1 ORDER BY `order_number` LIMIT 10   [ RunTime:0.0002s ]
SQL: SHOW COLUMNS FROM `dt_task` [ RunTime:0.0007s ]
NOTIC: [8] Only variables should be passed by reference /www/wwwroot/9niu.wang/ThinkPHP/Library/Think/Db/Driver.class.php 第 769 行.
SQL: SELECT `id`,`cid`,`title`,`level`,`price`,`create_time`,`max_num`,`apply_num`,max_num-apply_num as leftnum,`tasklb` FROM `dt_task` WHERE `status` = 1 ORDER BY `id` desc LIMIT 10   [ RunTime:0.0022s ]
SQL: SHOW COLUMNS FROM `dt_level` [ RunTime:0.0008s ]
NOTIC: [8] Only variables should be passed by reference /www/wwwroot/9niu.wang/ThinkPHP/Library/Think/Db/Driver.class.php 第 769 行.
SQL: SELECT * FROM `dt_level` ORDER BY `id` asc  [ RunTime:0.0003s ]
NOTIC: [8] Undefined index: logo /www/wwwroot/9niu.wang/Application/Common/Model/SystemConfigModel.class.php 第 25 行.
SQL: SHOW COLUMNS FROM `dt_page` [ RunTime:0.0007s ]
NOTIC: [8] Only variables should be passed by reference /www/wwwroot/9niu.wang/ThinkPHP/Library/Think/Db/Driver.class.php 第 769 行.
SQL: SELECT `id`,`title`,`update_time`,`content` FROM `dt_page` WHERE `recommend2` = 1 ORDER BY `update_time` asc LIMIT 1   [ RunTime:0.0003s ]
SQL: SHOW COLUMNS FROM `dt_notice` [ RunTime:0.0005s ]
SQL: SELECT COUNT(id) AS tp_count FROM `dt_notice` WHERE ( ( member_id = 51390 and has_view=0 ) ) LIMIT 1   [ RunTime:0.0002s ]
INFO: [ view_parse ] --START--
INFO: [ template_filter ] --START--
INFO: Run Behavior\ContentReplaceBehavior [ RunTime:0.000284s ]
INFO: [ template_filter ] --END-- [ RunTime:0.000310s ]
NOTIC: [8] Undefined variable: version /www/wwwroot/9niu.wang/Runtime/Cache/Home/d678f280cf84122e981f201997603ea5.php 第 12 行.
SQL: SHOW COLUMNS FROM `dt_advert` [ RunTime:0.0006s ]
SQL: SELECT * FROM `dt_advert` WHERE `cid` = 1 LIMIT 2   [ RunTime:0.0002s ]
NOTIC: [8] Undefined index: name /www/wwwroot/9niu.wang/Runtime/Cache/Home/d678f280cf84122e981f201997603ea5.php 第 434 行.
INFO: Run Behavior\ParseTemplateBehavior [ RunTime:0.008189s ]
INFO: [ view_parse ] --END-- [ RunTime:0.008202s ]
INFO: [ view_filter ] --START--
INFO: Run Behavior\WriteHtmlCacheBehavior [ RunTime:0.000142s ]
INFO: [ view_filter ] --END-- [ RunTime:0.000154s ]
INFO: [ app_end ] --START--
INFO: Run Behavior\ShowPageTraceBehavior [ RunTime:0.000271s ]
INFO: [ app_end ] --END-- [ RunTime:0.000285s ]

[ 2019-10-24T20:36:23+08:00 ] 10.168.1.132 /index.php/Home/Index/index.html
INFO: [ app_init ] --START--
INFO: Run Behavior\BuildLiteBehavior [ RunTime:0.000005s ]
INFO: [ app_init ] --END-- [ RunTime:0.000226s ]
INFO: [ app_begin ] --START--
INFO: Run Behavior\ReadHtmlCacheBehavior [ RunTime:0.000351s ]
INFO: [ app_begin ] --END-- [ RunTime:0.000382s ]
SQL: SHOW COLUMNS FROM `dt_category` [ RunTime:0.0007s ]
SQL: SELECT * FROM `dt_category` WHERE `is_show` = 1 ORDER BY `order_number` LIMIT 10   [ RunTime:0.0004s ]
SQL: SHOW COLUMNS FROM `dt_task` [ RunTime:0.0008s ]
NOTIC: [8] Only variables should be passed by reference /www/wwwroot/9niu.wang/ThinkPHP/Library/Think/Db/Driver.class.php 第 769 行.
SQL: SELECT `id`,`cid`,`title`,`level`,`price`,`create_time`,`max_num`,`apply_num`,max_num-apply_num as leftnum,`tasklb` FROM `dt_task` WHERE `status` = 1 ORDER BY `id` desc LIMIT 10   [ RunTime:0.0004s ]
SQL: SHOW COLUMNS FROM `dt_level` [ RunTime:0.0006s ]
NOTIC: [8] Only variables should be passed by reference /www/wwwroot/9niu.wang/ThinkPHP/Library/Think/Db/Driver.class.php 第 769 行.
SQL: SELECT * FROM `dt_level` ORDER BY `id` asc  [ RunTime:0.0003s ]
SQL: SHOW COLUMNS FROM `dt_page` [ RunTime:0.0006s ]
NOTIC: [8] Only variables should be passed by reference /www/wwwroot/9niu.wang/ThinkPHP/Library/Think/Db/Driver.class.php 第 769 行.
SQL: SELECT `id`,`title`,`update_time`,`content` FROM `dt_page` WHERE `recommend2` = 1 ORDER BY `update_time` asc LIMIT 1   [ RunTime:0.0003s ]
INFO: [ view_parse ] --START--
INFO: [ template_filter ] --START--
INFO: Run Behavior\ContentReplaceBehavior [ RunTime:0.000207s ]
INFO: [ template_filter ] --END-- [ RunTime:0.000226s ]
NOTIC: [8] Undefined variable: version /www/wwwroot/9niu.wang/Runtime/Cache/Home/d678f280cf84122e981f201997603ea5.php 第 12 行.
SQL: SHOW COLUMNS FROM `dt_advert` [ RunTime:0.0007s ]
SQL: SELECT * FROM `dt_advert` WHERE `cid` = 1 LIMIT 2   [ RunTime:0.0002s ]
INFO: Run Behavior\ParseTemplateBehavior [ RunTime:0.008228s ]
INFO: [ view_parse ] --END-- [ RunTime:0.008243s ]
INFO: [ view_filter ] --START--
INFO: Run Behavior\WriteHtmlCacheBehavior [ RunTime:0.000201s ]
INFO: [ view_filter ] --END-- [ RunTime:0.000213s ]
INFO: [ app_end ] --START--
INFO: Run Behavior\ShowPageTraceBehavior [ RunTime:0.000364s ]
INFO: [ app_end ] --END-- [ RunTime:0.000380s ]

